TN:
SF:src/config.js
FN:7,findConfigurationErrorIssue
FN:14,createConfigurationErrorIssue
FN:15,(anonymous_2)
FN:29,handleError
FN:39,load
FN:60,isModeAuto
FN:64,isModeChatOps
FN:68,isExperimentalBranchNameArgument
FN:73,autoCloseIssue
FN:77,isSilent
FN:85,isChatOpsCommand
FN:90,getChatOpsCommandArgument
FN:99,getGitSafeReplacementChar
FNF:13
FNH:2
FNDA:0,findConfigurationErrorIssue
FNDA:0,createConfigurationErrorIssue
FNDA:0,(anonymous_2)
FNDA:0,handleError
FNDA:0,load
FNDA:0,isModeAuto
FNDA:0,isModeChatOps
FNDA:0,isExperimentalBranchNameArgument
FNDA:0,autoCloseIssue
FNDA:1,isSilent
FNDA:0,isChatOpsCommand
FNDA:0,getChatOpsCommandArgument
FNDA:3,getGitSafeReplacementChar
DA:5,5
DA:8,0
DA:9,0
DA:11,0
DA:15,0
DA:16,0
DA:24,0
DA:30,0
DA:31,0
DA:32,0
DA:33,0
DA:35,0
DA:40,0
DA:41,0
DA:42,0
DA:43,0
DA:45,0
DA:46,0
DA:47,0
DA:48,0
DA:49,0
DA:53,0
DA:55,0
DA:56,0
DA:61,0
DA:65,0
DA:69,0
DA:74,0
DA:78,1
DA:79,1
DA:81,0
DA:86,0
DA:87,0
DA:91,0
DA:92,0
DA:93,0
DA:95,0
DA:100,3
DA:103,5
LF:39
LH:5
BRDA:32,0,0,0
BRDA:32,0,1,0
BRDA:42,1,0,0
BRDA:42,1,1,0
BRDA:45,2,0,0
BRDA:45,2,1,0
BRDA:47,3,0,0
BRDA:47,3,1,0
BRDA:61,4,0,0
BRDA:61,4,1,0
BRDA:65,5,0,0
BRDA:65,5,1,0
BRDA:65,5,2,0
BRDA:69,6,0,0
BRDA:69,6,1,0
BRDA:69,6,2,0
BRDA:69,6,3,0
BRDA:74,7,0,0
BRDA:74,7,1,0
BRDA:78,8,0,1
BRDA:78,8,1,0
BRDA:92,9,0,0
BRDA:92,9,1,0
BRDA:100,10,0,1
BRDA:100,10,1,2
BRF:25
BRH:3
end_of_record
TN:
SF:src/context.js
FN:1,getRepoOwner
FN:5,getRepoName
FN:9,getRepoUrl
FN:13,getIssueNumber
FN:17,getIssueTitle
FN:21,getDefaultBranch
FN:25,getIssueLabels
FN:26,(anonymous_7)
FNF:8
FNH:6
FNDA:2,getRepoOwner
FNDA:2,getRepoName
FNDA:0,getRepoUrl
FNDA:1,getIssueNumber
FNDA:1,getIssueTitle
FNDA:0,getDefaultBranch
FNDA:11,getIssueLabels
FNDA:12,(anonymous_7)
DA:2,2
DA:6,2
DA:10,0
DA:14,1
DA:18,1
DA:22,0
DA:26,12
DA:27,11
DA:28,0
DA:30,11
DA:34,4
LF:11
LH:8
BRDA:27,0,0,0
BRDA:27,0,1,11
BRF:2
BRH:1
end_of_record
TN:
SF:src/github.js
FN:5,createIssueBranch
FN:16,getBranchNameFromIssue
FN:21,getBranchName
FN:43,getIssueNumberFromBranchName
FN:58,getIssueBranchPrefix
FN:67,getIssueBranchConfig
FN:80,allLabelsMatchIssueLabels
FN:81,(anonymous_7)
FN:81,(anonymous_8)
FN:84,skipBranchCreationForIssue
FN:93,addComment
FN:101,branchExists
FN:114,getSourceBranchHeadSha
FN:131,getBranchHeadSha
FN:143,createBranch
FNF:15
FNH:10
FNDA:0,createIssueBranch
FNDA:1,getBranchNameFromIssue
FNDA:1,getBranchName
FNDA:0,getIssueNumberFromBranchName
FNDA:4,getIssueBranchPrefix
FNDA:11,getIssueBranchConfig
FNDA:12,allLabelsMatchIssueLabels
FNDA:13,(anonymous_7)
FNDA:14,(anonymous_8)
FNDA:2,skipBranchCreationForIssue
FNDA:1,addComment
FNDA:0,branchExists
FNDA:0,getSourceBranchHeadSha
FNDA:0,getBranchHeadSha
FNDA:2,createBranch
DA:1,4
DA:2,4
DA:3,4
DA:6,0
DA:7,0
DA:8,0
DA:11,0
DA:12,0
DA:17,1
DA:18,1
DA:22,1
DA:24,1
DA:25,1
DA:26,0
DA:27,1
DA:28,1
DA:29,0
DA:30,0
DA:32,0
DA:33,0
DA:36,0
DA:38,1
DA:39,1
DA:44,0
DA:45,0
DA:47,0
DA:48,0
DA:49,0
DA:51,0
DA:52,0
DA:53,0
DA:55,0
DA:59,4
DA:60,4
DA:61,4
DA:62,3
DA:64,4
DA:68,11
DA:69,11
DA:70,11
DA:71,12
DA:72,12
DA:73,8
DA:77,3
DA:81,14
DA:85,2
DA:86,2
DA:87,1
DA:89,1
DA:94,1
DA:95,1
DA:96,1
DA:97,1
DA:102,0
DA:103,0
DA:104,0
DA:105,0
DA:108,0
DA:110,0
DA:115,0
DA:117,0
DA:118,0
DA:119,0
DA:120,0
DA:123,0
DA:124,0
DA:125,0
DA:126,0
DA:128,0
DA:132,0
DA:133,0
DA:136,0
DA:137,0
DA:139,0
DA:144,2
DA:145,2
DA:146,2
DA:147,2
DA:150,0
DA:151,0
DA:152,0
DA:153,0
DA:154,0
DA:156,0
DA:158,2
DA:159,1
DA:161,1
DA:166,4
LF:88
LH:41
BRDA:6,0,0,0
BRDA:6,0,1,0
BRDA:7,1,0,0
BRDA:7,1,1,0
BRDA:24,2,0,1
BRDA:24,2,1,0
BRDA:25,3,0,0
BRDA:25,3,1,1
BRDA:27,4,0,1
BRDA:27,4,1,0
BRDA:29,5,0,0
BRDA:29,5,1,0
BRDA:44,6,0,0
BRDA:44,6,1,0
BRDA:48,7,0,0
BRDA:48,7,1,0
BRDA:52,8,0,0
BRDA:52,8,1,0
BRDA:61,9,0,3
BRDA:61,9,1,1
BRDA:61,10,0,4
BRDA:61,10,1,3
BRDA:68,11,0,11
BRDA:68,11,1,0
BRDA:71,12,0,1
BRDA:71,12,1,11
BRDA:72,13,0,8
BRDA:72,13,1,4
BRDA:86,14,0,1
BRDA:86,14,1,1
BRDA:95,15,0,1
BRDA:95,15,1,0
BRDA:117,16,0,0
BRDA:117,16,1,0
BRDA:117,17,0,0
BRDA:117,17,1,0
BRDA:119,18,0,0
BRDA:119,18,1,0
BRDA:123,19,0,0
BRDA:123,19,1,0
BRDA:153,20,0,0
BRDA:153,20,1,0
BRDA:158,21,0,1
BRDA:158,21,1,1
BRF:44
BRH:17
end_of_record
TN:
SF:src/probot.js
FN:7,(anonymous_0)
FN:12,(anonymous_1)
FN:15,(anonymous_2)
FN:19,(anonymous_3)
FN:22,(anonymous_4)
FN:28,addStatsRoute
FN:30,(anonymous_6)
FN:35,configureSentry
FN:44,logMemoryUsage
FN:48,issueAssigned
FN:60,commentCreated
FN:82,pullRequestClosed
FNF:12
FNH:4
FNDA:25,(anonymous_0)
FNDA:0,(anonymous_1)
FNDA:0,(anonymous_2)
FNDA:0,(anonymous_3)
FNDA:0,(anonymous_4)
FNDA:25,addStatsRoute
FNDA:0,(anonymous_6)
FNDA:25,configureSentry
FNDA:25,logMemoryUsage
FNDA:0,issueAssigned
FNDA:0,commentCreated
FNDA:0,pullRequestClosed
DA:1,3
DA:2,3
DA:3,3
DA:4,3
DA:5,3
DA:7,3
DA:8,25
DA:9,25
DA:10,25
DA:11,25
DA:12,25
DA:13,0
DA:15,25
DA:16,0
DA:17,0
DA:19,25
DA:20,0
DA:22,25
DA:23,0
DA:24,0
DA:29,25
DA:30,25
DA:31,0
DA:36,25
DA:37,0
DA:38,0
DA:40,25
DA:45,25
DA:49,0
DA:50,0
DA:51,0
DA:52,0
DA:53,0
DA:54,0
DA:55,0
DA:61,0
DA:62,0
DA:63,0
DA:64,0
DA:66,0
DA:67,0
DA:68,0
DA:69,0
DA:71,0
DA:74,0
DA:76,0
DA:77,0
DA:83,0
DA:84,0
DA:85,0
DA:86,0
DA:87,0
DA:88,0
DA:89,0
DA:90,0
DA:91,0
DA:92,0
DA:93,0
LF:58
LH:19
BRDA:36,0,0,0
BRDA:36,0,1,25
BRDA:51,1,0,0
BRDA:51,1,1,0
BRDA:52,2,0,0
BRDA:52,2,1,0
BRDA:61,3,0,0
BRDA:61,3,1,0
BRDA:64,4,0,0
BRDA:64,4,1,0
BRDA:66,5,0,0
BRDA:66,5,1,0
BRDA:68,6,0,0
BRDA:68,6,1,0
BRDA:83,7,0,0
BRDA:83,7,1,0
BRDA:85,8,0,0
BRDA:85,8,1,0
BRDA:85,9,0,0
BRDA:85,9,1,0
BRDA:90,10,0,0
BRDA:90,10,1,0
BRDA:92,11,0,0
BRDA:92,11,1,0
BRF:24
BRH:1
end_of_record
TN:
SF:src/utils.js
FN:3,makePrefixGitSafe
FN:8,makeGitSafe
FN:14,trim
FN:22,interpolate
FN:23,(anonymous_4)
FN:24,(anonymous_5)
FN:25,(anonymous_6)
FN:32,(anonymous_7)
FN:43,wildcardMatch
FN:48,isProduction
FN:52,pushMetric
FN:61,(anonymous_11)
FNF:12
FNH:9
FNDA:1,makePrefixGitSafe
FNDA:1,makeGitSafe
FNDA:3,trim
FNDA:4,interpolate
FNDA:2,(anonymous_4)
FNDA:2,(anonymous_5)
FNDA:1,(anonymous_6)
FNDA:3,(anonymous_7)
FNDA:14,wildcardMatch
FNDA:0,isProduction
FNDA:0,pushMetric
FNDA:0,(anonymous_11)
DA:1,4
DA:4,1
DA:5,1
DA:9,1
DA:10,1
DA:11,1
DA:15,3
DA:16,3
DA:17,3
DA:18,3
DA:19,3
DA:23,4
DA:24,4
DA:25,4
DA:27,1
DA:28,0
DA:30,1
DA:32,3
DA:33,1
DA:34,0
DA:35,1
DA:36,0
DA:38,1
DA:44,14
DA:45,14
DA:49,0
DA:53,0
DA:54,0
DA:60,0
DA:61,0
DA:62,0
DA:63,0
DA:65,0
DA:70,4
LF:34
LH:23
BRDA:8,0,0,0
BRDA:17,1,0,3
BRDA:17,1,1,3
BRDA:18,2,0,3
BRDA:18,2,1,3
BRDA:19,3,0,0
BRDA:19,3,1,3
BRDA:19,4,0,3
BRDA:19,4,1,3
BRDA:23,5,0,2
BRDA:23,5,1,2
BRDA:24,6,0,2
BRDA:24,6,1,2
BRDA:27,7,0,0
BRDA:27,7,1,1
BRDA:27,8,0,1
BRDA:27,8,1,1
BRDA:32,9,0,3
BRDA:32,9,1,3
BRDA:33,10,0,0
BRDA:33,10,1,1
BRDA:35,11,0,0
BRDA:35,11,1,1
BRDA:53,12,0,0
BRDA:53,12,1,0
BRDA:62,13,0,0
BRDA:62,13,1,0
BRF:27
BRH:18
end_of_record
TN:
SF:tests/test-helpers.js
FNF:0
FNH:0
LF:0
LH:0
BRF:0
BRH:0
end_of_record
